TN:
SF:d:\Work\Angular\angular-shop\src\polyfills.ts
FNF:0
FNH:0
LF:0
LH:0
BRF:0
BRH:0
end_of_record
TN:
SF:d:\Work\Angular\angular-shop\src\test.ts
FNF:0
FNH:0
DA:13,1
DA:18,1
DA:20,1
LF:3
LH:3
BRF:0
BRH:0
end_of_record
TN:
SF:d:\Work\Angular\angular-shop\src\app\app.component.ts
FN:10,(anonymous_0)
FN:13,AppComponent
FNF:2
FNH:2
FNDA:1,(anonymous_0)
FNDA:1,AppComponent
DA:10,1
DA:11,1
DA:13,1
DA:14,1
DA:16,1
LF:5
LH:5
BRF:0
BRH:0
end_of_record
TN:
SF:d:\Work\Angular\angular-shop\src\app\cart\cart-services.module.ts
FN:10,(anonymous_0)
FNF:1
FNH:1
FNDA:1,(anonymous_0)
DA:10,1
LF:1
LH:1
BRF:0
BRH:0
end_of_record
TN:
SF:d:\Work\Angular\angular-shop\src\app\cart\components\index.ts
FNF:0
FNH:0
LF:0
LH:0
BRF:0
BRH:0
end_of_record
TN:
SF:d:\Work\Angular\angular-shop\src\app\cart\components\cart-item\cart-item.component.ts
FN:9,(anonymous_0)
FN:15,CartItemComponent
FN:17,(anonymous_2)
FN:20,(anonymous_3)
FN:24,(anonymous_4)
FN:28,(anonymous_5)
FNF:6
FNH:4
FNDA:1,(anonymous_0)
FNDA:2,CartItemComponent
FNDA:2,(anonymous_2)
FNDA:1,(anonymous_3)
FNDA:0,(anonymous_4)
FNDA:0,(anonymous_5)
DA:9,1
DA:11,1
DA:12,2
DA:13,2
DA:14,2
DA:17,1
DA:20,1
DA:21,1
DA:24,1
DA:25,0
DA:28,1
DA:29,0
DA:31,1
LF:13
LH:11
BRF:0
BRH:0
end_of_record
TN:
SF:d:\Work\Angular\angular-shop\src\app\cart\components\cart-list\cart-list.component.ts
FN:13,(anonymous_0)
FN:36,CartListComponent
FN:38,(anonymous_2)
FN:39,(anonymous_3)
FN:44,(anonymous_4)
FN:48,(anonymous_5)
FN:49,(anonymous_6)
FN:55,(anonymous_7)
FN:56,(anonymous_8)
FN:62,(anonymous_9)
FN:63,(anonymous_10)
FN:69,(anonymous_11)
FN:76,(anonymous_12)
FNF:13
FNH:1
FNDA:1,(anonymous_0)
FNDA:0,CartListComponent
FNDA:0,(anonymous_2)
FNDA:0,(anonymous_3)
FNDA:0,(anonymous_4)
FNDA:0,(anonymous_5)
FNDA:0,(anonymous_6)
FNDA:0,(anonymous_7)
FNDA:0,(anonymous_8)
FNDA:0,(anonymous_9)
FNDA:0,(anonymous_10)
FNDA:0,(anonymous_11)
FNDA:0,(anonymous_12)
DA:13,1
DA:15,0
DA:18,0
DA:32,0
DA:36,0
DA:38,1
DA:39,0
DA:40,0
DA:44,1
DA:45,0
DA:48,1
DA:49,0
DA:50,0
DA:55,1
DA:56,0
DA:57,0
DA:62,1
DA:63,0
DA:64,0
DA:69,1
DA:70,0
DA:71,0
DA:72,0
DA:73,0
DA:76,1
DA:77,0
DA:78,0
DA:79,0
DA:81,1
LF:29
LH:9
BRF:0
BRH:0
end_of_record
TN:
SF:d:\Work\Angular\angular-shop\src\app\cart\models\cartItem.model.ts
FN:3,(anonymous_0)
FNF:1
FNH:1
FNDA:1,(anonymous_0)
DA:3,1
DA:7,1
LF:2
LH:2
BRF:0
BRH:0
end_of_record
TN:
SF:d:\Work\Angular\angular-shop\src\app\cart\services\cart.service.ts
FN:18,(anonymous_0)
FN:22,CartService
FN:24,(anonymous_2)
FN:28,(anonymous_3)
FN:30,(anonymous_4)
FN:45,(anonymous_5)
FN:55,(anonymous_6)
FN:66,(anonymous_7)
FN:69,(anonymous_8)
FN:73,(anonymous_9)
FN:75,(anonymous_10)
FN:84,(anonymous_11)
FN:86,(anonymous_12)
FN:87,(anonymous_13)
FN:92,(anonymous_14)
FN:95,(anonymous_15)
FN:99,(anonymous_16)
FN:105,(anonymous_17)
FN:110,(anonymous_18)
FN:118,(anonymous_19)
FNF:20
FNH:1
FNDA:1,(anonymous_0)
FNDA:0,CartService
FNDA:0,(anonymous_2)
FNDA:0,(anonymous_3)
FNDA:0,(anonymous_4)
FNDA:0,(anonymous_5)
FNDA:0,(anonymous_6)
FNDA:0,(anonymous_7)
FNDA:0,(anonymous_8)
FNDA:0,(anonymous_9)
FNDA:0,(anonymous_10)
FNDA:0,(anonymous_11)
FNDA:0,(anonymous_12)
FNDA:0,(anonymous_13)
FNDA:0,(anonymous_14)
FNDA:0,(anonymous_15)
FNDA:0,(anonymous_16)
FNDA:0,(anonymous_17)
FNDA:0,(anonymous_18)
FNDA:0,(anonymous_19)
DA:18,1
DA:20,0
DA:22,0
DA:24,1
DA:25,0
DA:28,1
DA:29,0
DA:31,0
DA:32,0
DA:33,0
DA:36,0
DA:45,1
DA:46,0
DA:47,0
DA:51,0
DA:55,1
DA:56,0
DA:57,0
DA:58,0
DA:62,0
DA:66,1
DA:67,0
DA:68,0
DA:69,0
DA:73,1
DA:74,0
DA:76,0
DA:77,0
DA:78,0
DA:84,1
DA:85,0
DA:87,0
DA:92,1
DA:93,0
DA:94,0
DA:95,0
DA:99,1
DA:100,0
DA:101,0
DA:103,0
DA:104,0
DA:105,0
DA:110,1
DA:111,0
DA:112,0
DA:113,0
DA:115,0
DA:118,1
DA:119,0
DA:120,0
DA:121,0
DA:123,0
DA:125,1
LF:53
LH:13
BRDA:31,0,0,0
BRDA:31,0,1,0
BRDA:100,1,0,0
BRDA:100,1,1,0
BRF:4
BRH:0
end_of_record
TN:
SF:d:\Work\Angular\angular-shop\src\app\common\enums\category.ts
FN:1,(anonymous_0)
FNF:1
FNH:1
FNDA:1,(anonymous_0)
DA:1,1
LF:1
LH:1
BRDA:1,0,0,1
BRDA:1,0,1,1
BRF:2
BRH:2
end_of_record
TN:
SF:d:\Work\Angular\angular-shop\src\app\common\enums\status.ts
FN:1,(anonymous_0)
FNF:1
FNH:1
FNDA:1,(anonymous_0)
DA:1,1
LF:1
LH:1
BRDA:1,0,0,1
BRDA:1,0,1,1
BRF:2
BRH:2
end_of_record
TN:
SF:d:\Work\Angular\angular-shop\src\app\core\services\app-settings.service.ts
FN:11,(anonymous_0)
FN:18,AppSettingsService
FN:20,(anonymous_2)
FN:28,(anonymous_3)
FN:32,(anonymous_4)
FN:37,(anonymous_5)
FNF:6
FNH:2
FNDA:1,(anonymous_0)
FNDA:1,AppSettingsService
FNDA:0,(anonymous_2)
FNDA:0,(anonymous_3)
FNDA:0,(anonymous_4)
FNDA:0,(anonymous_5)
DA:11,1
DA:13,1
DA:14,1
DA:18,1
DA:20,1
DA:22,0
DA:24,0
DA:25,0
DA:28,0
DA:32,1
DA:33,0
DA:34,0
DA:37,1
DA:38,0
DA:40,1
LF:15
LH:8
BRDA:24,0,0,0
BRDA:24,0,1,0
BRF:2
BRH:0
end_of_record
TN:
SF:d:\Work\Angular\angular-shop\src\app\core\services\authentication.service.ts
FN:8,(anonymous_0)
FN:5,AuthenticationService
FN:16,(anonymous_2)
FN:19,(anonymous_3)
FN:27,(anonymous_4)
FN:33,(anonymous_5)
FN:37,(anonymous_6)
FN:41,(anonymous_7)
FNF:8
FNH:5
FNDA:1,(anonymous_0)
FNDA:2,AuthenticationService
FNDA:1,(anonymous_2)
FNDA:1,(anonymous_3)
FNDA:0,(anonymous_4)
FNDA:0,(anonymous_5)
FNDA:0,(anonymous_6)
FNDA:1,(anonymous_7)
DA:8,1
DA:10,2
DA:11,2
DA:12,2
DA:16,1
DA:17,1
DA:20,1
DA:21,1
DA:22,1
DA:27,1
DA:28,0
DA:29,0
DA:30,0
DA:33,1
DA:34,0
DA:37,1
DA:38,0
DA:41,1
DA:42,1
DA:44,1
LF:20
LH:15
BRF:0
BRH:0
end_of_record
TN:
SF:d:\Work\Angular\angular-shop\src\app\core\services\local-storage.service.ts
FN:6,(anonymous_0)
FN:8,(anonymous_2)
FN:12,(anonymous_3)
FN:16,(anonymous_4)
FN:20,(anonymous_5)
FN:25,(anonymous_6)
FNF:6
FNH:1
FNDA:2,(anonymous_0)
FNDA:0,(anonymous_2)
FNDA:0,(anonymous_3)
FNDA:0,(anonymous_4)
FNDA:0,(anonymous_5)
FNDA:0,(anonymous_6)
DA:6,1
DA:8,1
DA:9,0
DA:12,1
DA:13,0
DA:16,1
DA:17,0
DA:20,1
DA:21,0
DA:22,0
DA:25,1
DA:26,0
DA:28,1
LF:13
LH:7
BRDA:13,0,0,0
BRDA:13,0,1,0
BRDA:21,1,0,0
BRDA:21,1,1,0
BRDA:22,2,0,0
BRDA:22,2,1,0
BRDA:22,3,0,0
BRDA:22,3,1,0
BRF:8
BRH:0
end_of_record
TN:
SF:d:\Work\Angular\angular-shop\src\app\core\services\natural-sort.service.ts
FN:6,(anonymous_0)
FN:8,(anonymous_2)
FN:9,(anonymous_3)
FN:13,(anonymous_4)
FN:14,(anonymous_5)
FN:18,(anonymous_6)
FN:22,(anonymous_7)
FN:31,(anonymous_8)
FNF:8
FNH:5
FNDA:2,(anonymous_0)
FNDA:0,(anonymous_2)
FNDA:0,(anonymous_3)
FNDA:1,(anonymous_4)
FNDA:2,(anonymous_5)
FNDA:0,(anonymous_6)
FNDA:1,(anonymous_7)
FNDA:1,(anonymous_8)
DA:6,1
DA:8,1
DA:9,0
DA:10,0
DA:13,1
DA:14,2
DA:15,1
DA:18,1
DA:19,0
DA:22,1
DA:23,1
DA:31,1
DA:32,1
DA:33,1
DA:35,1
DA:36,1
DA:37,1
DA:39,1
DA:40,1
DA:42,1
DA:43,1
DA:45,1
DA:46,1
DA:50,1
DA:51,0
DA:52,0
DA:53,0
DA:54,0
DA:58,1
DA:60,1
DA:61,1
DA:63,1
DA:64,0
DA:67,1
DA:68,0
DA:69,0
DA:71,1
DA:72,0
DA:74,1
DA:75,1
DA:78,0
DA:81,1
LF:42
LH:30
BRDA:39,0,0,1
BRDA:39,0,1,0
BRDA:40,1,0,1
BRDA:40,1,1,0
BRDA:45,2,0,1
BRDA:45,2,1,1
BRDA:45,2,2,0
BRDA:45,2,3,0
BRDA:46,3,0,1
BRDA:46,3,1,1
BRDA:46,3,2,0
BRDA:46,3,3,0
BRDA:46,3,4,1
BRDA:50,4,0,0
BRDA:50,4,1,1
BRDA:51,5,0,0
BRDA:51,5,1,0
BRDA:53,6,0,0
BRDA:53,6,1,0
BRDA:60,7,0,1
BRDA:60,7,1,1
BRDA:60,7,2,0
BRDA:60,7,3,0
BRDA:60,8,0,1
BRDA:60,8,1,0
BRDA:61,9,0,1
BRDA:61,9,1,1
BRDA:61,9,2,0
BRDA:61,9,3,0
BRDA:61,10,0,1
BRDA:61,10,1,0
BRDA:63,11,0,0
BRDA:63,11,1,1
BRDA:64,12,0,0
BRDA:64,12,1,0
BRDA:67,13,0,0
BRDA:67,13,1,1
BRDA:71,14,0,0
BRDA:71,14,1,1
BRDA:74,15,0,1
BRDA:74,15,1,0
BRF:41
BRH:18
end_of_record
TN:
SF:d:\Work\Angular\angular-shop\src\app\orders\orders-services.module.ts
FN:10,(anonymous_0)
FNF:1
FNH:1
FNDA:1,(anonymous_0)
DA:10,1
LF:1
LH:1
BRF:0
BRH:0
end_of_record
TN:
SF:d:\Work\Angular\angular-shop\src\app\orders\models\order.model.ts
FN:4,(anonymous_0)
FNF:1
FNH:1
FNDA:1,(anonymous_0)
DA:4,1
DA:9,1
LF:2
LH:2
BRF:0
BRH:0
end_of_record
TN:
SF:d:\Work\Angular\angular-shop\src\app\orders\services\orders.service.ts
FN:13,(anonymous_0)
FN:19,OrdersService
FN:21,(anonymous_2)
FN:41,(anonymous_3)
FN:46,(anonymous_4)
FN:52,(anonymous_5)
FN:56,(anonymous_6)
FN:65,(anonymous_7)
FN:70,(anonymous_8)
FN:75,(anonymous_9)
FN:79,(anonymous_10)
FN:85,(anonymous_11)
FN:87,(anonymous_12)
FNF:13
FNH:1
FNDA:1,(anonymous_0)
FNDA:0,OrdersService
FNDA:0,(anonymous_2)
FNDA:0,(anonymous_3)
FNDA:0,(anonymous_4)
FNDA:0,(anonymous_5)
FNDA:0,(anonymous_6)
FNDA:0,(anonymous_7)
FNDA:0,(anonymous_8)
FNDA:0,(anonymous_9)
FNDA:0,(anonymous_10)
FNDA:0,(anonymous_11)
FNDA:0,(anonymous_12)
DA:13,1
DA:15,0
DA:16,0
DA:17,0
DA:19,0
DA:21,1
DA:22,0
DA:23,0
DA:24,0
DA:25,0
DA:26,0
DA:27,0
DA:28,0
DA:35,0
DA:36,0
DA:38,0
DA:41,1
DA:42,0
DA:43,0
DA:46,1
DA:47,0
DA:48,0
DA:49,0
DA:52,1
DA:53,0
DA:56,1
DA:57,0
DA:58,0
DA:59,0
DA:60,0
DA:61,0
DA:62,0
DA:65,1
DA:66,0
DA:67,0
DA:70,1
DA:71,0
DA:72,0
DA:75,1
DA:76,0
DA:79,1
DA:80,0
DA:81,0
DA:85,1
DA:86,0
DA:87,0
DA:88,0
DA:89,0
DA:90,0
DA:91,0
DA:93,0
DA:95,1
LF:52
LH:12
BRDA:43,0,0,0
BRDA:43,0,1,0
BRDA:47,1,0,0
BRDA:47,1,1,0
BRDA:48,2,0,0
BRDA:48,2,1,0
BRDA:59,3,0,0
BRDA:59,3,1,0
BRDA:80,4,0,0
BRDA:80,4,1,0
BRDA:88,5,0,0
BRDA:88,5,1,0
BRF:12
BRH:0
end_of_record
TN:
SF:d:\Work\Angular\angular-shop\src\app\shared\pipes\order-by.pipe.ts
FN:8,(anonymous_0)
FN:10,OrderByPipe
FN:12,(anonymous_2)
FN:18,(anonymous_3)
FN:20,(anonymous_4)
FNF:5
FNH:4
FNDA:1,(anonymous_0)
FNDA:1,OrderByPipe
FNDA:1,(anonymous_2)
FNDA:1,(anonymous_3)
FNDA:0,(anonymous_4)
DA:8,1
DA:10,1
DA:12,2
DA:13,1
DA:14,0
DA:17,1
DA:18,1
DA:20,0
DA:23,1
LF:9
LH:7
BRDA:12,0,0,1
BRDA:12,0,1,0
BRDA:13,1,0,0
BRDA:13,1,1,1
BRDA:13,2,0,1
BRDA:13,2,1,1
BRDA:17,3,0,1
BRDA:17,3,1,0
BRF:8
BRH:5
end_of_record
